Build started 4/8/2016 5:06:55 PM.
     1>Project "C:\dr4g0nbyt3\git\MineScape\MineScape\MineScape.vcxproj" on node 2 (Build target(s)).
     1>ClCompile:
         C:\Program Files (x86)\microsoftVisualStudio14.0\VC\bin\CL.exe /c /ZI /nologo /W3 /WX- /sdl /Od /Oy- /D _MBCS /Gm /EHsc /RTC1 /MDd /GS /fp:precise /Zc:wchar_t /Zc:forScope /Zc:inline /Fo"Debug\\" /Fd"Debug\vc140.pdb" /Gd /TP /analyze- /errorReport:prompt main.cpp
         main.cpp
     1>c:\dr4g0nbyt3\git\minescape\minescape\main.cpp(34): warning C4244: 'argument': conversion from 'double' to 'GLfloat', possible loss of data
     1>c:\dr4g0nbyt3\git\minescape\minescape\main.cpp(35): warning C4244: 'argument': conversion from 'double' to 'GLfloat', possible loss of data
     1>c:\dr4g0nbyt3\git\minescape\minescape\main.cpp(36): warning C4244: 'argument': conversion from 'double' to 'GLfloat', possible loss of data
     1>c:\dr4g0nbyt3\git\minescape\minescape\main.cpp(37): warning C4244: 'argument': conversion from 'double' to 'GLfloat', possible loss of data
     1>c:\dr4g0nbyt3\git\minescape\minescape\main.cpp(40): warning C4244: 'argument': conversion from 'double' to 'GLfloat', possible loss of data
     1>c:\dr4g0nbyt3\git\minescape\minescape\main.cpp(41): warning C4244: 'argument': conversion from 'double' to 'GLfloat', possible loss of data
     1>c:\dr4g0nbyt3\git\minescape\minescape\main.cpp(42): warning C4244: 'argument': conversion from 'double' to 'GLfloat', possible loss of data
     1>c:\dr4g0nbyt3\git\minescape\minescape\main.cpp(43): warning C4244: 'argument': conversion from 'double' to 'GLfloat', possible loss of data
     1>c:\dr4g0nbyt3\git\minescape\minescape\main.cpp(46): warning C4244: 'argument': conversion from 'double' to 'GLfloat', possible loss of data
     1>c:\dr4g0nbyt3\git\minescape\minescape\main.cpp(47): warning C4244: 'argument': conversion from 'double' to 'GLfloat', possible loss of data
     1>c:\dr4g0nbyt3\git\minescape\minescape\main.cpp(48): warning C4244: 'argument': conversion from 'double' to 'GLfloat', possible loss of data
     1>c:\dr4g0nbyt3\git\minescape\minescape\main.cpp(49): warning C4244: 'argument': conversion from 'double' to 'GLfloat', possible loss of data
     1>c:\dr4g0nbyt3\git\minescape\minescape\main.cpp(52): warning C4244: 'argument': conversion from 'double' to 'GLfloat', possible loss of data
     1>c:\dr4g0nbyt3\git\minescape\minescape\main.cpp(53): warning C4244: 'argument': conversion from 'double' to 'GLfloat', possible loss of data
     1>c:\dr4g0nbyt3\git\minescape\minescape\main.cpp(54): warning C4244: 'argument': conversion from 'double' to 'GLfloat', possible loss of data
     1>c:\dr4g0nbyt3\git\minescape\minescape\main.cpp(55): warning C4244: 'argument': conversion from 'double' to 'GLfloat', possible loss of data
     1>c:\dr4g0nbyt3\git\minescape\minescape\main.cpp(58): warning C4244: 'argument': conversion from 'double' to 'GLfloat', possible loss of data
     1>c:\dr4g0nbyt3\git\minescape\minescape\main.cpp(59): warning C4244: 'argument': conversion from 'double' to 'GLfloat', possible loss of data
     1>c:\dr4g0nbyt3\git\minescape\minescape\main.cpp(60): warning C4244: 'argument': conversion from 'double' to 'GLfloat', possible loss of data
     1>c:\dr4g0nbyt3\git\minescape\minescape\main.cpp(61): warning C4244: 'argument': conversion from 'double' to 'GLfloat', possible loss of data
     1>c:\dr4g0nbyt3\git\minescape\minescape\main.cpp(64): warning C4244: 'argument': conversion from 'double' to 'GLfloat', possible loss of data
     1>c:\dr4g0nbyt3\git\minescape\minescape\main.cpp(65): warning C4244: 'argument': conversion from 'double' to 'GLfloat', possible loss of data
     1>c:\dr4g0nbyt3\git\minescape\minescape\main.cpp(66): warning C4244: 'argument': conversion from 'double' to 'GLfloat', possible loss of data
     1>c:\dr4g0nbyt3\git\minescape\minescape\main.cpp(67): warning C4244: 'argument': conversion from 'double' to 'GLfloat', possible loss of data
     1>c:\dr4g0nbyt3\git\minescape\minescape\main.cpp(87): warning C4244: 'initializing': conversion from 'float' to 'int', possible loss of data
     1>c:\dr4g0nbyt3\git\minescape\minescape\main.cpp(88): warning C4244: 'initializing': conversion from 'double' to 'int', possible loss of data
     1>c:\dr4g0nbyt3\git\minescape\minescape\main.cpp(94): warning C4244: 'initializing': conversion from 'int' to 'float', possible loss of data
     1>c:\dr4g0nbyt3\git\minescape\minescape\main.cpp(96): warning C4244: 'argument': conversion from 'int' to 'GLfloat', possible loss of data
     1>c:\dr4g0nbyt3\git\minescape\minescape\main.cpp(97): warning C4244: 'argument': conversion from 'int' to 'GLfloat', possible loss of data
     1>c:\dr4g0nbyt3\git\minescape\minescape\main.cpp(99): warning C4244: 'argument': conversion from 'int' to 'GLfloat', possible loss of data
     1>c:\dr4g0nbyt3\git\minescape\minescape\main.cpp(100): warning C4244: 'argument': conversion from 'int' to 'GLfloat', possible loss of data
     1>c:\dr4g0nbyt3\git\minescape\minescape\main.cpp(103): warning C4244: 'initializing': conversion from 'int' to 'float', possible loss of data
     1>c:\dr4g0nbyt3\git\minescape\minescape\main.cpp(105): warning C4244: 'argument': conversion from 'int' to 'GLfloat', possible loss of data
     1>c:\dr4g0nbyt3\git\minescape\minescape\main.cpp(106): warning C4244: 'argument': conversion from 'int' to 'GLfloat', possible loss of data
     1>c:\dr4g0nbyt3\git\minescape\minescape\main.cpp(108): warning C4244: 'argument': conversion from 'int' to 'GLfloat', possible loss of data
     1>c:\dr4g0nbyt3\git\minescape\minescape\main.cpp(109): warning C4244: 'argument': conversion from 'int' to 'GLfloat', possible loss of data
       Link:
         C:\Program Files (x86)\microsoftVisualStudio14.0\VC\bin\link.exe /ERRORREPORT:PROMPT /OUT:"C:\dr4g0nbyt3\git\MineScape\Debug\MineScape.exe" /INCREMENTAL /NOLOGO kernel32.lib user32.lib gdi32.lib winspool.lib comdlg32.lib advapi32.lib shell32.lib ole32.lib oleaut32.lib uuid.lib odbc32.lib odbccp32.lib /MANIFEST /MANIFESTUAC:"level='asInvoker' uiAccess='false'" /manifest:embed /Debug /PDB:"C:\dr4g0nbyt3\git\MineScape\Debug\MineScape.pdb" /TLBID:1 /DYNAMICBASE /NXCOMPAT /IMPLIB:"C:\dr4g0nbyt3\git\MineScape\Debug\MineScape.lib" /MACHINE:X86 Debug\main.obj
         freeglut.lib
         MineScape.vcxproj -> C:\dr4g0nbyt3\git\MineScape\Debug\MineScape.exe
     1>Done Building Project "C:\dr4g0nbyt3\git\MineScape\MineScape\MineScape.vcxproj" (Build target(s)).

Build succeeded.

Time Elapsed 00:00:01.31
